Traceback (most recent call last):
  File "/opt/hostedtoolcache/Python/3.12.13/x64/lib/python3.12/site-packages/jupyter_cache/executors/utils.py", line 58, in single_nb_execution
    executenb(
  File "/opt/hostedtoolcache/Python/3.12.13/x64/lib/python3.12/site-packages/nbclient/client.py", line 1323, in execute
    return NotebookClient(nb=nb, resources=resources, km=km, **kwargs).execute()
           ^^^^^^^^^^^^^^^^^^^^^^^^^^^^^^^^^^^^^^^^^^^^^^^^^^^^^^^^^^^^^^^^^^^^^
  File "/opt/hostedtoolcache/Python/3.12.13/x64/lib/python3.12/site-packages/jupyter_core/utils/__init__.py", line 165, in wrapped
    return loop.run_until_complete(inner)
           ^^^^^^^^^^^^^^^^^^^^^^^^^^^^^^
  File "/opt/hostedtoolcache/Python/3.12.13/x64/lib/python3.12/asyncio/base_events.py", line 691, in run_until_complete
    return future.result()
           ^^^^^^^^^^^^^^^
  File "/opt/hostedtoolcache/Python/3.12.13/x64/lib/python3.12/site-packages/nbclient/client.py", line 709, in async_execute
    await self.async_execute_cell(
  File "/opt/hostedtoolcache/Python/3.12.13/x64/lib/python3.12/site-packages/nbclient/client.py", line 1062, in async_execute_cell
    await self._check_raise_for_error(cell, cell_index, exec_reply)
  File "/opt/hostedtoolcache/Python/3.12.13/x64/lib/python3.12/site-packages/nbclient/client.py", line 918, in _check_raise_for_error
    raise CellExecutionError.from_cell_and_msg(cell, exec_reply_content)
nbclient.exceptions.CellExecutionError: An error occurred while executing the following cell:
------------------
c = xp.add(a, b)
c.visualize()
------------------


[31m---------------------------------------------------------------------------[39m
[31mFileNotFoundError[39m                         Traceback (most recent call last)
[36mFile [39m[32m/opt/hostedtoolcache/Python/3.12.13/x64/lib/python3.12/site-packages/pydot/core.py:1824[39m, in [36mDot.create[39m[34m(self, prog, format, encoding)[39m
[32m   1823[39m [38;5;28;01mtry[39;00m:
[32m-> [39m[32m1824[39m     stdout_data, stderr_data, process = [30;43mcall_graphviz[39;49m[30;43m([39;49m
[32m   1825[39m [30;43m        [39;49m[30;43mprogram[39;49m[30;43m=[39;49m[30;43mprog[39;49m[30;43m,[39;49m
[32m   1826[39m [30;43m        [39;49m[30;43marguments[39;49m[30;43m=[39;49m[30;43marguments[39;49m[30;43m,[39;49m
[32m   1827[39m [30;43m        [39;49m[30;43mworking_dir[39;49m[30;43m=[39;49m[30;43mtmp_dir[39;49m[30;43m,[39;49m
[32m   1828[39m [30;43m    [39;49m[30;43m)[39;49m
[32m   1829[39m [38;5;28;01mexcept[39;00m [38;5;167;01mOSError[39;00m [38;5;28;01mas[39;00m e:

[36mFile [39m[32m/opt/hostedtoolcache/Python/3.12.13/x64/lib/python3.12/site-packages/pydot/core.py:249[39m, in [36mcall_graphviz[39m[34m(program, arguments, working_dir, **kwargs)[39m
[32m    247[39m program_with_args = [program] + arguments
[32m--> [39m[32m249[39m process = [30;43msubprocess[39;49m[30;43m.[39;49m[30;43mPopen[39;49m[30;43m([39;49m
[32m    250[39m [30;43m    [39;49m[30;43mprogram_with_args[39;49m[30;43m,[39;49m
[32m    251[39m [30;43m    [39;49m[30;43menv[39;49m[30;43m=[39;49m[30;43menv[39;49m[30;43m,[39;49m
[32m    252[39m [30;43m    [39;49m[30;43mcwd[39;49m[30;43m=[39;49m[30;43mworking_dir[39;49m[30;43m,[39;49m
[32m    253[39m [30;43m    [39;49m[30;43mshell[39;49m[30;43m=[39;49m[30;43;01mFalse[39;49;00m[30;43m,[39;49m
[32m    254[39m [30;43m    [39;49m[30;43mstderr[39;49m[30;43m=[39;49m[30;43msubprocess[39;49m[30;43m.[39;49m[30;43mPIPE[39;49m[30;43m,[39;49m
[32m    255[39m [30;43m    [39;49m[30;43mstdout[39;49m[30;43m=[39;49m[30;43msubprocess[39;49m[30;43m.[39;49m[30;43mPIPE[39;49m[30;43m,[39;49m
[32m    256[39m [30;43m    [39;49m[30;43m*[39;49m[30;43m*[39;49m[30;43mkwargs[39;49m[30;43m,[39;49m
[32m    257[39m [30;43m[39;49m[30;43m)[39;49m
[32m    258[39m stdout_data, stderr_data = process.communicate()

[36mFile [39m[32m/opt/hostedtoolcache/Python/3.12.13/x64/lib/python3.12/subprocess.py:1026[39m, in [36mPopen.__init__[39m[34m(self, args, bufsize, executable, stdin, stdout, stderr, preexec_fn, close_fds, shell, cwd, env, universal_newlines, startupinfo, creationflags, restore_signals, start_new_session, pass_fds, user, group, extra_groups, encoding, errors, text, umask, pipesize, process_group)[39m
[32m   1023[39m             [38;5;28mself[39m.stderr = io.TextIOWrapper([38;5;28mself[39m.stderr,
[32m   1024[39m                     encoding=encoding, errors=errors)
[32m-> [39m[32m1026[39m     [30;43mself[39;49m[30;43m.[39;49m[30;43m_execute_child[39;49m[30;43m([39;49m[30;43margs[39;49m[30;43m,[39;49m[30;43m [39;49m[30;43mexecutable[39;49m[30;43m,[39;49m[30;43m [39;49m[30;43mpreexec_fn[39;49m[30;43m,[39;49m[30;43m [39;49m[30;43mclose_fds[39;49m[30;43m,[39;49m
[32m   1027[39m [30;43m                        [39;49m[30;43mpass_fds[39;49m[30;43m,[39;49m[30;43m [39;49m[30;43mcwd[39;49m[30;43m,[39;49m[30;43m [39;49m[30;43menv[39;49m[30;43m,[39;49m
[32m   1028[39m [30;43m                        [39;49m[30;43mstartupinfo[39;49m[30;43m,[39;49m[30;43m [39;49m[30;43mcreationflags[39;49m[30;43m,[39;49m[30;43m [39;49m[30;43mshell[39;49m[30;43m,[39;49m
[32m   1029[39m [30;43m                        [39;49m[30;43mp2cread[39;49m[30;43m,[39;49m[30;43m [39;49m[30;43mp2cwrite[39;49m[30;43m,[39;49m
[32m   1030[39m [30;43m                        [39;49m[30;43mc2pread[39;49m[30;43m,[39;49m[30;43m [39;49m[30;43mc2pwrite[39;49m[30;43m,[39;49m
[32m   1031[39m [30;43m                        [39;49m[30;43merrread[39;49m[30;43m,[39;49m[30;43m [39;49m[30;43merrwrite[39;49m[30;43m,[39;49m
[32m   1032[39m [30;43m                        [39;49m[30;43mrestore_signals[39;49m[30;43m,[39;49m
[32m   1033[39m [30;43m                        [39;49m[30;43mgid[39;49m[30;43m,[39;49m[30;43m [39;49m[30;43mgids[39;49m[30;43m,[39;49m[30;43m [39;49m[30;43muid[39;49m[30;43m,[39;49m[30;43m [39;49m[30;43mumask[39;49m[30;43m,[39;49m
[32m   1034[39m [30;43m                        [39;49m[30;43mstart_new_session[39;49m[30;43m,[39;49m[30;43m [39;49m[30;43mprocess_group[39;49m[30;43m)[39;49m
[32m   1035[39m [38;5;28;01mexcept[39;00m:
[32m   1036[39m     [38;5;66;03m# Cleanup if the child failed starting.[39;00m

[36mFile [39m[32m/opt/hostedtoolcache/Python/3.12.13/x64/lib/python3.12/subprocess.py:1955[39m, in [36mPopen._execute_child[39m[34m(self, args, executable, preexec_fn, close_fds, pass_fds, cwd, env, startupinfo, creationflags, shell, p2cread, p2cwrite, c2pread, c2pwrite, errread, errwrite, restore_signals, gid, gids, uid, umask, start_new_session, process_group)[39m
[32m   1954[39m [38;5;28;01mif[39;00m err_filename [38;5;129;01mis[39;00m [38;5;129;01mnot[39;00m [38;5;28;01mNone[39;00m:
[32m-> [39m[32m1955[39m     [38;5;28;01mraise[39;00m child_exception_type(errno_num, err_msg, err_filename)
[32m   1956[39m [38;5;28;01melse[39;00m:

[31mFileNotFoundError[39m: [Errno 2] No such file or directory: 'dot'

During handling of the above exception, another exception occurred:

[31mFileNotFoundError[39m                         Traceback (most recent call last)
[36mCell[39m[36m [39m[32mIn[4][39m[32m, line 2[39m
[32m      1[39m c = xp.add(a, b)
[32m----> [39m[32m2[39m c.visualize()

[36mFile [39m[32m/opt/hostedtoolcache/Python/3.12.13/x64/lib/python3.12/site-packages/cubed/core/array.py:234[39m, in [36mCoreArray.visualize[39m[34m(self, filename, format, optimize_graph, optimize_function, show_hidden, engine)[39m
[32m    200[39m [38;5;28;01mdef[39;00m[38;5;250m [39m[34mvisualize[39m(
[32m    201[39m     [38;5;28mself[39m,
[32m    202[39m     filename=[33m"[39m[33mcubed[39m[33m"[39m,
[32m   (...)[39m[32m    207[39m     engine: Literal[[33m"[39m[33mcytoscape[39m[33m"[39m, [33m"[39m[33mgraphviz[39m[33m"[39m] | [38;5;28;01mNone[39;00m = [38;5;28;01mNone[39;00m,
[32m    208[39m ):
[32m    209[39m [38;5;250m    [39m[33;03m"""Produce a visualization of the computation graph for this array.[39;00m
[32m    210[39m 
[32m    211[39m [33;03m    Parameters[39;00m
[32m   (...)[39m[32m    232[39m [33;03m        in a notebook), otherwise None.[39;00m
[32m    233[39m [33;03m    """[39;00m
[32m--> [39m[32m234[39m     [38;5;28;01mreturn[39;00m [30;43mvisualize[39;49m[30;43m([39;49m
[32m    235[39m [30;43m        [39;49m[30;43mself[39;49m[30;43m,[39;49m
[32m    236[39m [30;43m        [39;49m[30;43mfilename[39;49m[30;43m=[39;49m[30;43mfilename[39;49m[30;43m,[39;49m
[32m    237[39m [30;43m        [39;49m[30;43mformat[39;49m[30;43m=[39;49m[30;43mformat[39;49m[30;43m,[39;49m
[32m    238[39m [30;43m        [39;49m[30;43moptimize_graph[39;49m[30;43m=[39;49m[30;43moptimize_graph[39;49m[30;43m,[39;49m
[32m    239[39m [30;43m        [39;49m[30;43moptimize_function[39;49m[30;43m=[39;49m[30;43moptimize_function[39;49m[30;43m,[39;49m
[32m    240[39m [30;43m        [39;49m[30;43mshow_hidden[39;49m[30;43m=[39;49m[30;43mshow_hidden[39;49m[30;43m,[39;49m
[32m    241[39m [30;43m        [39;49m[30;43mengine[39;49m[30;43m=[39;49m[30;43mengine[39;49m[30;43m,[39;49m
[32m    242[39m [30;43m    [39;49m[30;43m)[39;49m

[36mFile [39m[32m/opt/hostedtoolcache/Python/3.12.13/x64/lib/python3.12/site-packages/cubed/core/array.py:373[39m, in [36mvisualize[39m[34m(filename, format, optimize_graph, optimize_function, show_hidden, engine, *arrays)[39m
[32m    341[39m [38;5;250m[39m[33;03m"""Produce a visualization of the computation graph for multiple arrays.[39;00m
[32m    342[39m 
[32m    343[39m [33;03mParameters[39;00m
[32m   (...)[39m[32m    366[39m [33;03m    in a notebook), otherwise None.[39;00m
[32m    367[39m [33;03m"""[39;00m
[32m    368[39m finalized_plan = plan(
[32m    369[39m     *arrays,
[32m    370[39m     optimize_graph=optimize_graph,
[32m    371[39m     optimize_function=optimize_function,
[32m    372[39m )
[32m--> [39m[32m373[39m [38;5;28;01mreturn[39;00m [30;43mfinalized_plan[39;49m[30;43m.[39;49m[30;43mvisualize[39;49m[30;43m([39;49m
[32m    374[39m [30;43m    [39;49m[30;43mfilename[39;49m[30;43m=[39;49m[30;43mfilename[39;49m[30;43m,[39;49m
[32m    375[39m [30;43m    [39;49m[30;43mformat[39;49m[30;43m=[39;49m[30;43mformat[39;49m[30;43m,[39;49m
[32m    376[39m [30;43m    [39;49m[30;43mshow_hidden[39;49m[30;43m=[39;49m[30;43mshow_hidden[39;49m[30;43m,[39;49m
[32m    377[39m [30;43m    [39;49m[30;43mengine[39;49m[30;43m=[39;49m[30;43mengine[39;49m[30;43m,[39;49m
[32m    378[39m [30;43m[39;49m[30;43m)[39;49m

[36mFile [39m[32m/opt/hostedtoolcache/Python/3.12.13/x64/lib/python3.12/site-packages/cubed/core/plan.py:804[39m, in [36mFinalizedPlan.visualize[39m[34m(self, filename, format, rankdir, show_hidden, engine)[39m
[32m    802[39m     [38;5;28mformat[39m = [33m"[39m[33msvg[39m[33m"[39m
[32m    803[39m full_filename = [33mf[39m[33m"[39m[38;5;132;01m{[39;00mfilename[38;5;132;01m}[39;00m[33m.[39m[38;5;132;01m{[39;00m[38;5;28mformat[39m[38;5;132;01m}[39;00m[33m"[39m
[32m--> [39m[32m804[39m [30;43mgv[39;49m[30;43m.[39;49m[30;43mwrite[39;49m[30;43m([39;49m[30;43mfull_filename[39;49m[30;43m,[39;49m[30;43m [39;49m[30;43mformat[39;49m[30;43m=[39;49m[30;43mformat[39;49m[30;43m)[39;49m
[32m    806[39m [38;5;28;01mtry[39;00m:  [38;5;66;03m# pragma: no cover[39;00m
[32m    807[39m     [38;5;28;01mimport[39;00m[38;5;250m [39m[34;01mIPython[39;00m[34;01m.[39;00m[34;01mdisplay[39;00m[38;5;250m [39m[38;5;28;01mas[39;00m[38;5;250m [39m[34;01mdisplay[39;00m

[36mFile [39m[32m/opt/hostedtoolcache/Python/3.12.13/x64/lib/python3.12/site-packages/pydot/core.py:1730[39m, in [36mDot.write[39m[34m(self, path, prog, format, encoding)[39m
[32m   1728[39m         f.write(s)
[32m   1729[39m [38;5;28;01melse[39;00m:
[32m-> [39m[32m1730[39m     s = [30;43mself[39;49m[30;43m.[39;49m[30;43mcreate[39;49m[30;43m([39;49m[30;43mprog[39;49m[30;43m,[39;49m[30;43m [39;49m[30;43mformat[39;49m[30;43m,[39;49m[30;43m [39;49m[30;43mencoding[39;49m[30;43m=[39;49m[30;43mencoding[39;49m[30;43m)[39;49m
[32m   1731[39m     [38;5;28;01mwith[39;00m [38;5;28mopen[39m(path, mode=[33m"[39m[33mwb[39m[33m"[39m) [38;5;28;01mas[39;00m f:
[32m   1732[39m         f.write(s)  [38;5;66;03m# type: ignore[39;00m

[36mFile [39m[32m/opt/hostedtoolcache/Python/3.12.13/x64/lib/python3.12/site-packages/pydot/core.py:1833[39m, in [36mDot.create[39m[34m(self, prog, format, encoding)[39m
[32m   1831[39m     args = [38;5;28mlist[39m(e.args)  [38;5;66;03m# type: ignore[39;00m
[32m   1832[39m     args[[32m1[39m] = [33mf[39m[33m'[39m[33m"[39m[38;5;132;01m{[39;00mprog[38;5;132;01m}[39;00m[33m"[39m[33m not found in path.[39m[33m'[39m  [38;5;66;03m# type: ignore[39;00m
[32m-> [39m[32m1833[39m     [38;5;28;01mraise[39;00m [38;5;167;01mOSError[39;00m(*args)
[32m   1834[39m [38;5;28;01melse[39;00m:
[32m   1835[39m     [38;5;28;01mraise[39;00m

[31mFileNotFoundError[39m: [Errno 2] "dot" not found in path.

